RUN	com.gatling.tests.api.PostPutDeleteDemoAPI	postputdeletedemoapi	1702492344403	 	3.6.1
USER	RESTAPI_PUT_UpdateUser	START	1702492347914
USER	RESTAPI_POST_CreateUser	START	1702492347914
USER	RESTAPI_PUT_UpdateUser	START	1702492348875
REQUEST		RESTAPI_PUT_UpdateUser	1702492347991	1702492348973	OK	 
REQUEST		RESTAPI_POST_CreateUser	1702492347991	1702492349275	OK	 
REQUEST		RESTAPI_PUT_UpdateUser	1702492348876	1702492349275	OK	 
USER	RESTAPI_PUT_UpdateUser	START	1702492349886
USER	RESTAPI_POST_CreateUser	START	1702492349901
REQUEST		RESTAPI_PUT_UpdateUser	1702492349888	1702492350213	OK	 
REQUEST		RESTAPI_POST_CreateUser	1702492349903	1702492350599	OK	 
USER	RESTAPI_PUT_UpdateUser	START	1702492350871
REQUEST		RESTAPI_PUT_UpdateUser	1702492350873	1702492351218	OK	 
USER	RESTAPI_PUT_UpdateUser	END	1702492351286
USER	RESTAPI_POST_CreateUser	END	1702492351293
USER	RESTAPI_PUT_UpdateUser	END	1702492351293
USER	RESTAPI_PUT_UpdateUser	START	1702492351869
USER	RESTAPI_PUT_UpdateUser	END	1702492352231
REQUEST		RESTAPI_PUT_UpdateUser	1702492351871	1702492352236	OK	 
USER	RESTAPI_POST_CreateUser	END	1702492352604
